<?xml version="1.0" encoding="utf-8"?><testsuites name="pytest tests"><testsuite name="pytest" errors="0" failures="0" skipped="0" tests="28" time="6.548" timestamp="2026-05-08T12:13:34.698791+00:00" hostname="agent-env-52ca85a0-6137-4251-87e2-79bd1966b97b"><testcase classname="backend.tests.backend_test.TestSiteConfig" name="test_site_config" time="0.299" /><testcase classname="backend.tests.backend_test.TestAuth" name="test_register_new_user" time="0.373" /><testcase classname="backend.tests.backend_test.TestAuth" name="test_login_admin" time="0.336" /><testcase classname="backend.tests.backend_test.TestAuth" name="test_login_parent" time="0.365" /><testcase classname="backend.tests.backend_test.TestAuth" name="test_login_invalid" time="0.377" /><testcase classname="backend.tests.backend_test.TestAuth" name="test_me_with_bearer" time="0.451" /><testcase classname="backend.tests.backend_test.TestAuth" name="test_me_without_token" time="0.149" /><testcase classname="backend.tests.backend_test.TestWorksheets" name="test_list_worksheets" time="0.134" /><testcase classname="backend.tests.backend_test.TestWorksheets" name="test_filter_subject_maths" time="0.123" /><testcase classname="backend.tests.backend_test.TestWorksheets" name="test_filter_grade_3" time="0.111" /><testcase classname="backend.tests.backend_test.TestWorksheets" name="test_filter_level_easy" time="0.125" /><testcase classname="backend.tests.backend_test.TestWorksheets" name="test_filter_is_free" time="0.114" /><testcase classname="backend.tests.backend_test.TestWorksheets" name="test_search_phonics" time="0.141" /><testcase classname="backend.tests.backend_test.TestWorksheets" name="test_get_single_worksheet" time="0.241" /><testcase classname="backend.tests.backend_test.TestWorksheets" name="test_get_worksheet_404" time="0.105" /><testcase classname="backend.tests.backend_test.TestContent" name="test_testimonials" time="0.101" /><testcase classname="backend.tests.backend_test.TestContent" name="test_blog_list" time="0.113" /><testcase classname="backend.tests.backend_test.TestContent" name="test_blog_detail" time="0.107" /><testcase classname="backend.tests.backend_test.TestContent" name="test_blog_detail_404" time="0.108" /><testcase classname="backend.tests.backend_test.TestNewsletter" name="test_subscribe" time="0.107" /><testcase classname="backend.tests.backend_test.TestOrdersFlow" name="test_create_order_unauthenticated" time="0.172" /><testcase classname="backend.tests.backend_test.TestOrdersFlow" name="test_full_purchase_flow" time="0.572" /><testcase classname="backend.tests.backend_test.TestAdmin" name="test_admin_stats_admin_ok" time="0.485" /><testcase classname="backend.tests.backend_test.TestAdmin" name="test_admin_stats_non_admin_403" time="0.111" /><testcase classname="backend.tests.backend_test.TestAdmin" name="test_admin_lists" time="0.484" /><testcase classname="backend.tests.backend_test.TestAdmin" name="test_admin_create_worksheet" time="0.211" /><testcase classname="backend.tests.backend_test.TestAdmin" name="test_admin_testimonial_create_delete" time="0.221" /><testcase classname="backend.tests.backend_test.TestAdmin" name="test_admin_blog_create_delete" time="0.219" /></testsuite></testsuites>